
/home/runner/work/exp-chi-square-test-iitb/exp-chi-square-test-iitb/experiment/simulation/common_libraries/js/ts_components/collapse_step.js
   1:10  warning  'show_step' is defined but never used                 no-unused-vars
   2:5   warning  '$' is not defined                                    no-undef
   3:9   warning  '$' is not defined                                    no-undef
   6:10  warning  'hide_step' is defined but never used                 no-unused-vars
   7:5   warning  '$' is not defined                                    no-undef
   8:9   warning  '$' is not defined                                    no-undef
  11:10  warning  'get_collapse_btn_text' is defined but never used     no-unused-vars
  20:10  warning  'get_collapse_btn_element' is defined but never used  no-unused-vars
  29:10  warning  'hide_all_steps' is defined but never used            no-unused-vars
  31:9   warning  '$' is not defined                                    no-undef

/home/runner/work/exp-chi-square-test-iitb/exp-chi-square-test-iitb/experiment/simulation/common_libraries/js/ts_components/matrix.js
   27:26  warning  'MathJax' is not defined                                no-undef
   32:7   warning  'Matrix_Without_String' is defined but never used       no-unused-vars
   52:26  warning  'MathJax' is not defined                                no-undef
   56:10  warning  'get_matrix_html' is defined but never used             no-unused-vars
   87:13  warning  'row_html' is assigned a value but never used           no-unused-vars
   99:10  warning  'get_matrix_html_with_title' is defined but never used  no-unused-vars
  131:13  warning  'row_html' is assigned a value but never used           no-unused-vars
  143:10  warning  'convert_2d_to_1d_vector' is defined but never used     no-unused-vars
  156:10  warning  'convert_1d_to_2d_matrix' is defined but never used     no-unused-vars

/home/runner/work/exp-chi-square-test-iitb/exp-chi-square-test-iitb/experiment/simulation/common_libraries/js/ts_components/pannel.js
  8:7  warning  'Pannel' is defined but never used  no-unused-vars

/home/runner/work/exp-chi-square-test-iitb/exp-chi-square-test-iitb/experiment/simulation/common_libraries/js/ts_components/questions.js
   6:17  warning  'op1' is assigned a value but never used      no-unused-vars
   7:17  warning  'op2' is assigned a value but never used      no-unused-vars
   8:17  warning  'op3' is assigned a value but never used      no-unused-vars
   9:17  warning  'op4' is assigned a value but never used      no-unused-vars
  94:7   warning  'Question_Options' is defined but never used  no-unused-vars

/home/runner/work/exp-chi-square-test-iitb/exp-chi-square-test-iitb/experiment/simulation/common_libraries/js/ts_components/tables.js
   19:22  warning  'verify_values' is not defined                                     no-undef
  137:22  warning  'verify_values' is not defined                                     no-undef
  260:7   warning  'Verify_Rows_Cols_6_decimal_places' is defined but never used      no-unused-vars
  311:22  warning  'verify_values' is not defined                                     no-undef
  416:7   warning  'Verify_Rows_Cols_Custom_Fixed_Update1' is defined but never used  no-unused-vars
  468:7   warning  'Show_Table_Custom_Fixed' is defined but never used                no-unused-vars
  506:7   warning  'Verify_Rows_Cols_Strings' is defined but never used               no-unused-vars
  527:22  warning  'verify_values' is not defined                                     no-undef
  663:7   warning  'Display_Table' is defined but never used                          no-unused-vars

/home/runner/work/exp-chi-square-test-iitb/exp-chi-square-test-iitb/experiment/simulation/common_libraries/js/ts_math_library/general_math_functions.js
    1:10  warning  'verify_values' is defined but never used                   no-unused-vars
   17:10  warning  'random1' is defined but never used                         no-unused-vars
   21:10  warning  'std_deviation' is defined but never used                   no-unused-vars
   26:10  warning  'gauss' is defined but never used                           no-unused-vars
   56:10  warning  'hide_panel' is defined but never used                      no-unused-vars
   63:10  warning  'inverse_matrix' is defined but never used                  no-unused-vars
   96:10  warning  'matrix_multiplication' is defined but never used           no-unused-vars
  113:10  warning  'transpose_matrix' is defined but never used                no-unused-vars
  123:10  warning  'matrix_multiplication_8decimal' is defined but never used  no-unused-vars
  140:10  warning  'adjoint_2x2_matrix' is defined but never used              no-unused-vars
  145:10  warning  'find_deteminant' is defined but never used                 no-unused-vars
  174:10  warning  'get_Submatrix' is defined but never used                   no-unused-vars

/home/runner/work/exp-chi-square-test-iitb/exp-chi-square-test-iitb/experiment/simulation/common_libraries/js/ts_math_library/regression.js
   1:10  warning  'regression_linear' is defined but never used            no-unused-vars
  18:10  warning  'regression_linear_1variable' is defined but never used  no-unused-vars
  27:10  warning  'regression_linear_2variable' is defined but never used  no-unused-vars
  52:11  warning  'gauss' is not defined                                   no-undef

/home/runner/work/exp-chi-square-test-iitb/exp-chi-square-test-iitb/experiment/simulation/common_libraries/math.ob.js
  1:745  warning  'b' is already defined  no-redeclare

/home/runner/work/exp-chi-square-test-iitb/exp-chi-square-test-iitb/experiment/simulation/js/activity1.js
   21:10  warning  'start_act1' is defined but never used               no-unused-vars
   24:20  warning  'get_collapse_btn_text' is not defined               no-undef
   56:5   warning  'hide_all_steps' is not defined                      no-undef
   58:9   warning  'show_step' is not defined                           no-undef
   74:10  warning  'set_n' is defined but never used                    no-unused-vars
   78:9   warning  'N' is not defined                                   no-undef
   82:9   warning  'N' is not defined                                   no-undef
   87:10  warning  'internal_calculations_1' is defined but never used  no-unused-vars
   91:28  warning  'N' is not defined                                   no-undef
   92:5   warning  'k' is not defined                                   no-undef
   93:5   warning  'k' is not defined                                   no-undef
   95:5   warning  'epsilon' is not defined                             no-undef
   98:5   warning  'mu_0' is not defined                                no-undef
   99:5   warning  'sigma' is not defined                               no-undef
  100:5   warning  'sigma_sq' is not defined                            no-undef
  101:5   warning  'mu_0' is not defined                                no-undef
  101:24  warning  'X_bar' is not defined                               no-undef
  101:53  warning  'k' is not defined                                   no-undef
  101:58  warning  'k' is not defined                                   no-undef
  102:5   warning  'sigma' is not defined                               no-undef
  103:5   warning  'sigma_sq' is not defined                            no-undef
  103:37  warning  'sigma' is not defined                               no-undef
  104:22  warning  'X' is not defined                                   no-undef
  111:5   warning  'x0' is not defined                                  no-undef
  112:25  warning  'N' is not defined                                   no-undef
  120:5   warning  'x0' is not defined                                  no-undef
  121:5   warning  'sum_x' is not defined                               no-undef
  122:5   warning  'X' is not defined                                   no-undef
  123:21  warning  'x0' is not defined                                  no-undef
  124:25  warning  'x0' is not defined                                  no-undef
  125:9   warning  'X' is not defined                                   no-undef
  125:28  warning  'x0' is not defined                                  no-undef
  125:36  warning  'x0' is not defined                                  no-undef
  125:52  warning  'epsilon' is not defined                             no-undef
  126:9   warning  'sum_x' is not defined                               no-undef
  126:18  warning  'X' is not defined                                   no-undef
  128:5   warning  'X' is not defined                                   no-undef
  128:9   warning  'X' is not defined                                   no-undef
  129:5   warning  'sum_x' is not defined                               no-undef
  129:24  warning  'sum_x' is not defined                               no-undef
  130:5   warning  'X_bar' is not defined                               no-undef
  130:25  warning  'sum_x' is not defined                               no-undef
  130:33  warning  'N' is not defined                                   no-undef
  131:23  warning  'x0' is not defined                                  no-undef
  132:25  warning  'sum_x' is not defined                               no-undef
  133:26  warning  'X_bar' is not defined                               no-undef
  138:25  warning  'N' is not defined                                   no-undef
  183:22  warning  'MathJax' is not defined                             no-undef
  185:10  warning  'verify_x_y_bar' is defined but never used           no-unused-vars
  188:17  warning  'X_bar' is not defined                               no-undef
  189:10  warning  'verify_values' is not defined                       no-undef
  189:53  warning  'X_bar' is not defined                               no-undef
  203:51  warning  'X_bar' is not defined                               no-undef
  207:22  warning  'MathJax' is not defined                             no-undef
  212:25  warning  'X' is not defined                                   no-undef
  213:21  warning  'X' is not defined                                   no-undef
  214:35  warning  'X' is not defined                                   no-undef
  219:5   warning  'act1_table_data_1' is not defined                   no-undef
  220:5   warning  'sum_x_x_bar_2' is not defined                       no-undef
  221:5   warning  'S_2' is not defined                                 no-undef
  222:25  warning  'X' is not defined                                   no-undef
  224:33  warning  'X' is not defined                                   no-undef
  224:40  warning  'X_bar' is not defined                               no-undef
  226:9   warning  'sum_x_x_bar_2' is not defined                       no-undef
  227:17  warning  'X' is not defined                                   no-undef
  230:9   warning  'act1_table_data_1' is not defined                   no-undef
  232:5   warning  'sum_x_x_bar_2' is not defined                       no-undef
  232:32  warning  'sum_x_x_bar_2' is not defined                       no-undef
  233:5   warning  'S_2' is not defined                                 no-undef
  233:23  warning  'sum_x_x_bar_2' is not defined                       no-undef
  233:40  warning  'N' is not defined                                   no-undef
  234:38  warning  'act1_table_data_1' is not defined                   no-undef
  235:34  warning  'sum_x_x_bar_2' is not defined                       no-undef
  236:24  warning  'S_2' is not defined                                 no-undef
  247:19  warning  'Verify_Rows_Cols' is not defined                    no-undef
  247:44  warning  'act1_table_data_1' is not defined                   no-undef
  270:22  warning  'MathJax' is not defined                             no-undef
  272:10  warning  'verify_s_2' is defined but never used               no-unused-vars
  277:17  warning  'S_2' is not defined                                 no-undef
  278:10  warning  'verify_values' is not defined                       no-undef
  278:51  warning  'S_2' is not defined                                 no-undef
  290:53  warning  'S_2' is not defined                                 no-undef
  292:22  warning  'MathJax' is not defined                             no-undef

/home/runner/work/exp-chi-square-test-iitb/exp-chi-square-test-iitb/experiment/simulation/js/activity1_p1.js
   1:10  warning  'activity1_p1' is defined but never used  no-unused-vars
   4:19  warning  'get_collapse_btn_text' is not defined    no-undef
   5:5   warning  'chi_sq' is not defined                   no-undef
   6:5   warning  'chi_sq' is not defined                   no-undef
   6:28  warning  'N' is not defined                        no-undef
   6:37  warning  'S_2' is not defined                      no-undef
   6:44  warning  'sigma_sq' is not defined                 no-undef
   7:5   warning  'maindiv' is not defined                  no-undef
  15:40  warning  'sigma_sq' is not defined                 no-undef
  18:34  warning  'S_2' is not defined                      no-undef
  40:22  warning  'MathJax' is not defined                  no-undef
  41:5   warning  'hide_all_steps' is not defined           no-undef
  43:9   warning  'show_step' is not defined                no-undef
  46:10  warning  'verify_chi_2' is defined but never used  no-unused-vars
  48:17  warning  'chi_sq' is not defined                   no-undef
  49:10  warning  'verify_values' is not defined            no-undef
  49:51  warning  'chi_sq' is not defined                   no-undef
  63:72  warning  'chi_sq' is not defined                   no-undef
  68:22  warning  'MathJax' is not defined                  no-undef

/home/runner/work/exp-chi-square-test-iitb/exp-chi-square-test-iitb/experiment/simulation/js/activity1_p2.js
   1:10  warning  'activity1_p2' is defined but never used  no-unused-vars
   4:19  warning  'get_collapse_btn_text' is not defined    no-undef
   5:5   warning  'maindiv' is not defined                  no-undef
  54:32  warning  'alpha' is not defined                    no-undef
  63:9   warning  'MathJax' is not defined                  no-undef
  65:5   warning  'hide_all_steps' is not defined           no-undef
  67:9   warning  'show_step' is not defined                no-undef

/home/runner/work/exp-chi-square-test-iitb/exp-chi-square-test-iitb/experiment/simulation/js/activity1_p3.js
    1:10  warning  'activity1_p3' is defined but never used        no-unused-vars
    4:5   warning  'chi_sq_alpha' is not defined                   no-undef
    5:5   warning  'chi_sq_alpha' is not defined                   no-undef
    5:20  warning  'chi_sq_table_data' is not defined              no-undef
    5:38  warning  'N' is not defined                              no-undef
    6:19  warning  'get_collapse_btn_text' is not defined          no-undef
    7:5   warning  'maindiv' is not defined                        no-undef
   31:9   warning  'MathJax' is not defined                        no-undef
   33:5   warning  'hide_all_steps' is not defined                 no-undef
   35:9   warning  'show_step' is not defined                      no-undef
   41:23  warning  'Show_Table_Custom_Fixed' is not defined        no-undef
   41:72  warning  'chi_sq_table_data' is not defined              no-undef
   44:10  warning  'verify_chi_2_alpha' is defined but never used  no-unused-vars
   46:17  warning  'chi_sq_alpha' is not defined                   no-undef
   47:10  warning  'verify_values' is not defined                  no-undef
   47:57  warning  'chi_sq_alpha' is not defined                   no-undef
   66:44  warning  'chi_sq_alpha' is not defined                   no-undef
   69:73  warning  'chi_sq' is not defined                         no-undef
   96:9   warning  'MathJax' is not defined                        no-undef
  101:9   warning  'chi_sq' is not defined                         no-undef
  101:18  warning  'chi_sq_alpha' is not defined                   no-undef
  102:9   warning  'hypo_test_reject_op_a1' is not defined         no-undef
  105:9   warning  'hypo_test_reject_op_a1' is not defined         no-undef
  108:10  warning  'a1_vf_null_hypo' is defined but never used     no-unused-vars
  112:9   warning  'hypo_test_reject_op_a1' is not defined         no-undef
  115:14  warning  'hypo_test_reject_op_a1' is not defined         no-undef
  118:25  warning  'hypo_test_reject_op_a1' is not defined         no-undef

/home/runner/work/exp-chi-square-test-iitb/exp-chi-square-test-iitb/experiment/simulation/js/activity2.js
    1:10  warning  'activity2' is defined but never used          no-unused-vars
    4:5   warning  'X_dash' is not defined                        no-undef
    5:5   warning  'X_dash_bar' is not defined                    no-undef
    8:25  warning  'X' is not defined                             no-undef
    9:9   warning  'X_dash' is not defined                        no-undef
    9:37  warning  'X' is not defined                             no-undef
   10:9   warning  'X_dash_bar' is not defined                    no-undef
   10:23  warning  'X_dash' is not defined                        no-undef
   12:5   warning  'X_dash_bar' is not defined                    no-undef
   12:30  warning  'X_dash_bar' is not defined                    no-undef
   12:43  warning  'N' is not defined                             no-undef
   13:5   warning  'act2_table_data_1' is not defined             no-undef
   14:5   warning  'sum_x_x_bar_2_a2' is not defined              no-undef
   15:25  warning  'X_dash' is not defined                        no-undef
   17:32  warning  'X_dash' is not defined                        no-undef
   17:44  warning  'X_dash_bar' is not defined                    no-undef
   19:18  warning  'X_dash' is not defined                        no-undef
   22:9   warning  'act2_table_data_1' is not defined             no-undef
   23:9   warning  'sum_x_x_bar_2_a2' is not defined              no-undef
   25:5   warning  'sum_x_x_bar_2_a2' is not defined              no-undef
   25:35  warning  'sum_x_x_bar_2_a2' is not defined              no-undef
   26:17  warning  'X_dash' is not defined                        no-undef
   27:17  warning  'X_dash_bar' is not defined                    no-undef
   44:5   warning  'maindiv' is not defined                       no-undef
   45:5   warning  'hide_all_steps' is not defined                no-undef
   47:10  warning  'start_act2' is defined but never used         no-unused-vars
   50:20  warning  'get_collapse_btn_text' is not defined         no-undef
   51:5   warning  'maindiv' is not defined                       no-undef
   86:22  warning  'MathJax' is not defined                       no-undef
   88:5   warning  'hide_all_steps' is not defined                no-undef
   90:9   warning  'show_step' is not defined                     no-undef
   95:25  warning  'X_dash' is not defined                        no-undef
   96:21  warning  'X_dash' is not defined                        no-undef
   97:35  warning  'X_dash' is not defined                        no-undef
  100:10  warning  'verify_x_dash_bar' is defined but never used  no-unused-vars
  104:17  warning  'X_dash_bar' is not defined                    no-undef
  105:10  warning  'verify_values' is not defined                 no-undef
  105:54  warning  'X_dash_bar' is not defined                    no-undef
  119:53  warning  'X_dash_bar' is not defined                    no-undef
  124:22  warning  'MathJax' is not defined                       no-undef

/home/runner/work/exp-chi-square-test-iitb/exp-chi-square-test-iitb/experiment/simulation/js/activity2_p1.js
   1:10  warning  'activity2_p1' is defined but never used   no-unused-vars
   4:19  warning  'get_collapse_btn_text' is not defined     no-undef
   5:5   warning  'maindiv' is not defined                   no-undef
  12:35  warning  Unnecessary escape character: \∑           no-useless-escape
  12:51  warning  'X_dash_bar' is not defined                no-undef
  22:22  warning  'MathJax' is not defined                   no-undef
  24:19  warning  'Verify_Rows_Cols' is not defined          no-undef
  24:92  warning  'act2_table_data_1' is not defined         no-undef
  26:5   warning  'hide_all_steps' is not defined            no-undef
  28:9   warning  'show_step' is not defined                 no-undef
  32:5   warning  'S_2_a2' is not defined                    no-undef
  33:5   warning  'S_2_a2' is not defined                    no-undef
  33:26  warning  'sum_x_x_bar_2_a2' is not defined          no-undef
  33:46  warning  'N' is not defined                         no-undef
  49:22  warning  'MathJax' is not defined                   no-undef
  51:10  warning  'a2_verify_s_2' is defined but never used  no-unused-vars
  53:17  warning  'S_2_a2' is not defined                    no-undef
  54:10  warning  'verify_values' is not defined             no-undef
  54:50  warning  'S_2_a2' is not defined                    no-undef
  68:73  warning  'sum_x_x_bar_2_a2' is not defined          no-undef
  72:22  warning  'MathJax' is not defined                   no-undef

/home/runner/work/exp-chi-square-test-iitb/exp-chi-square-test-iitb/experiment/simulation/js/activity2_p2.js
   1:10  warning  'activity2_p2' is defined but never used     no-unused-vars
   4:19  warning  'get_collapse_btn_text' is not defined       no-undef
   5:5   warning  'chi_sq_a2' is not defined                   no-undef
   6:5   warning  'chi_sq_a2' is not defined                   no-undef
   6:31  warning  'N' is not defined                           no-undef
   6:40  warning  'S_2_a2' is not defined                      no-undef
   6:50  warning  'sigma_sq' is not defined                    no-undef
   7:5   warning  'maindiv' is not defined                     no-undef
  15:40  warning  'sigma_sq' is not defined                    no-undef
  18:34  warning  'S_2_a2' is not defined                      no-undef
  40:22  warning  'MathJax' is not defined                     no-undef
  41:5   warning  'hide_all_steps' is not defined              no-undef
  43:9   warning  'show_step' is not defined                   no-undef
  46:10  warning  'a2_verify_chi_2' is defined but never used  no-unused-vars
  48:17  warning  'chi_sq_a2' is not defined                   no-undef
  49:10  warning  'verify_values' is not defined               no-undef
  49:51  warning  'chi_sq_a2' is not defined                   no-undef
  63:72  warning  'chi_sq_a2' is not defined                   no-undef
  68:22  warning  'MathJax' is not defined                     no-undef

/home/runner/work/exp-chi-square-test-iitb/exp-chi-square-test-iitb/experiment/simulation/js/activity2_p3.js
   1:10  warning  'activity2_p3' is defined but never used  no-unused-vars
   4:19  warning  'get_collapse_btn_text' is not defined    no-undef
   5:5   warning  'maindiv' is not defined                  no-undef
  54:32  warning  'alpha' is not defined                    no-undef
  63:9   warning  'MathJax' is not defined                  no-undef
  65:5   warning  'hide_all_steps' is not defined           no-undef
  67:9   warning  'show_step' is not defined                no-undef

/home/runner/work/exp-chi-square-test-iitb/exp-chi-square-test-iitb/experiment/simulation/js/activity2_p4.js
    1:10  warning  'activity2_p4' is defined but never used           no-unused-vars
    4:5   warning  'chi_sq_alpha_a2' is not defined                   no-undef
    5:5   warning  'chi_sq_alpha_a2' is not defined                   no-undef
    5:23  warning  'chi_sq_table_data' is not defined                 no-undef
    5:41  warning  'N' is not defined                                 no-undef
    6:19  warning  'get_collapse_btn_text' is not defined             no-undef
    7:5   warning  'maindiv' is not defined                           no-undef
   31:9   warning  'MathJax' is not defined                           no-undef
   33:5   warning  'hide_all_steps' is not defined                    no-undef
   35:9   warning  'show_step' is not defined                         no-undef
   41:23  warning  'Show_Table_Custom_Fixed' is not defined           no-undef
   41:72  warning  'chi_sq_table_data' is not defined                 no-undef
   44:10  warning  'a2_verify_chi_2_alpha' is defined but never used  no-unused-vars
   46:17  warning  'chi_sq_alpha_a2' is not defined                   no-undef
   47:10  warning  'verify_values' is not defined                     no-undef
   47:57  warning  'chi_sq_alpha_a2' is not defined                   no-undef
   66:44  warning  'chi_sq_alpha_a2' is not defined                   no-undef
   69:73  warning  'chi_sq_a2' is not defined                         no-undef
   96:9   warning  'MathJax' is not defined                           no-undef
  101:9   warning  'chi_sq_a2' is not defined                         no-undef
  101:21  warning  'chi_sq_alpha_a2' is not defined                   no-undef
  102:9   warning  'hypo_test_reject_op_a2' is not defined            no-undef
  105:9   warning  'hypo_test_reject_op_a2' is not defined            no-undef
  108:10  warning  'a2_vf_null_hypo' is defined but never used        no-unused-vars
  112:9   warning  'hypo_test_reject_op_a2' is not defined            no-undef
  115:14  warning  'hypo_test_reject_op_a2' is not defined            no-undef
  118:25  warning  'hypo_test_reject_op_a2' is not defined            no-undef

/home/runner/work/exp-chi-square-test-iitb/exp-chi-square-test-iitb/experiment/simulation/js/activity3.js
    1:10  warning  'activity3' is defined but never used                   no-unused-vars
    4:5   warning  'maindiv' is not defined                                no-undef
   28:5   warning  'hide_all_steps' is not defined                         no-undef
   43:10  warning  'a3_set_n' is defined but never used                    no-unused-vars
   47:9   warning  'N_a3' is not defined                                   no-undef
   51:9   warning  'N_a3' is not defined                                   no-undef
   56:10  warning  'a3_internal_calculations_1' is defined but never used  no-unused-vars
   60:28  warning  'N_a3' is not defined                                   no-undef
   61:5   warning  'k_a3' is not defined                                   no-undef
   62:5   warning  'k_a3' is not defined                                   no-undef
   64:5   warning  'epsilon_a3' is not defined                             no-undef
   67:5   warning  'mu_0_a3' is not defined                                no-undef
   68:5   warning  'sigma_a3' is not defined                               no-undef
   69:5   warning  'sigma_sq_a3' is not defined                            no-undef
   70:5   warning  'mu_0_a3' is not defined                                no-undef
   70:27  warning  'X_bar_a3' is not defined                               no-undef
   70:59  warning  'k_a3' is not defined                                   no-undef
   70:67  warning  'k_a3' is not defined                                   no-undef
   71:5   warning  'sigma_a3' is not defined                               no-undef
   72:5   warning  'sigma_sq_a3' is not defined                            no-undef
   72:40  warning  'sigma_a3' is not defined                               no-undef
   73:22  warning  'X_a3' is not defined                                   no-undef
   80:5   warning  'x0_a3' is not defined                                  no-undef
   81:25  warning  'N_a3' is not defined                                   no-undef
   89:5   warning  'x0_a3' is not defined                                  no-undef
   90:5   warning  'sum_x_a3' is not defined                               no-undef
   91:5   warning  'X_a3' is not defined                                   no-undef
   92:9   warning  'last_indx' is assigned a value but never used          no-unused-vars
   92:21  warning  'x0_a3' is not defined                                  no-undef
   93:25  warning  'x0_a3' is not defined                                  no-undef
   94:9   warning  'X_a3' is not defined                                   no-undef
   94:31  warning  'x0_a3' is not defined                                  no-undef
   94:42  warning  'x0_a3' is not defined                                  no-undef
   94:53  warning  'epsilon_a3' is not defined                             no-undef
   95:9   warning  'sum_x_a3' is not defined                               no-undef
   95:21  warning  'X_a3' is not defined                                   no-undef
   97:5   warning  'X_a3' is not defined                                   no-undef
   97:12  warning  'X_a3' is not defined                                   no-undef
   98:5   warning  'sum_x_a3' is not defined                               no-undef
   98:27  warning  'sum_x_a3' is not defined                               no-undef
   99:5   warning  'X_bar_a3' is not defined                               no-undef
   99:28  warning  'sum_x_a3' is not defined                               no-undef
   99:39  warning  'N_a3' is not defined                                   no-undef
  100:23  warning  'x0_a3' is not defined                                  no-undef
  101:25  warning  'sum_x_a3' is not defined                               no-undef
  102:29  warning  'X_bar_a3' is not defined                               no-undef
  107:25  warning  'N_a3' is not defined                                   no-undef
  118:19  warning  'get_collapse_btn_text' is not defined                  no-undef
  119:5   warning  'maindiv' is not defined                                no-undef
  150:22  warning  'MathJax' is not defined                                no-undef
  151:5   warning  'hide_all_steps' is not defined                         no-undef
  153:9   warning  'show_step' is not defined                              no-undef
  158:25  warning  'X_a3' is not defined                                   no-undef
  159:21  warning  'X_a3' is not defined                                   no-undef
  160:35  warning  'X_a3' is not defined                                   no-undef
  163:10  warning  'a3_verify_x_bar' is defined but never used             no-unused-vars
  166:17  warning  'X_bar_a3' is not defined                               no-undef
  167:10  warning  'verify_values' is not defined                          no-undef
  167:53  warning  'X_bar_a3' is not defined                               no-undef
  181:51  warning  'X_bar_a3' is not defined                               no-undef
  185:22  warning  'MathJax' is not defined                                no-undef
  190:5   warning  'act3_table_data_1' is not defined                      no-undef
  191:5   warning  'sum_x_x_bar_2_a3' is not defined                       no-undef
  192:5   warning  'S_2_a3' is not defined                                 no-undef
  193:25  warning  'X_a3' is not defined                                   no-undef
  195:33  warning  'X_a3' is not defined                                   no-undef
  195:43  warning  'X_bar_a3' is not defined                               no-undef
  197:9   warning  'sum_x_x_bar_2_a3' is not defined                       no-undef
  198:17  warning  'X_a3' is not defined                                   no-undef
  201:9   warning  'act3_table_data_1' is not defined                      no-undef
  203:5   warning  'sum_x_x_bar_2_a3' is not defined                       no-undef
  203:35  warning  'sum_x_x_bar_2_a3' is not defined                       no-undef
  204:5   warning  'S_2_a3' is not defined                                 no-undef
  204:26  warning  'sum_x_x_bar_2_a3' is not defined                       no-undef
  204:46  warning  'N_a3' is not defined                                   no-undef
  205:38  warning  'act3_table_data_1' is not defined                      no-undef
  206:37  warning  'sum_x_x_bar_2_a3' is not defined                       no-undef
  207:27  warning  'S_2_a3' is not defined                                 no-undef
  218:19  warning  'Verify_Rows_Cols' is not defined                       no-undef
  218:44  warning  'act3_table_data_1' is not defined                      no-undef
  241:22  warning  'MathJax' is not defined                                no-undef
  243:10  warning  'a3_verify_s_2' is defined but never used               no-unused-vars
  248:17  warning  'S_2_a3' is not defined                                 no-undef
  249:10  warning  'verify_values' is not defined                          no-undef
  249:51  warning  'S_2_a3' is not defined                                 no-undef
  261:53  warning  'S_2_a3' is not defined                                 no-undef
  263:22  warning  'MathJax' is not defined                                no-undef

/home/runner/work/exp-chi-square-test-iitb/exp-chi-square-test-iitb/experiment/simulation/js/activity3_p1.js
    1:10  warning  'activity3_p1' is defined but never used     no-unused-vars
    4:19  warning  'get_collapse_btn_text' is not defined       no-undef
    5:5   warning  'chi_sq_a3' is not defined                   no-undef
    6:5   warning  'z_0_a3' is not defined                      no-undef
    7:5   warning  'chi_sq_a3' is not defined                   no-undef
    7:31  warning  'N_a3' is not defined                        no-undef
    7:43  warning  'S_2_a3' is not defined                      no-undef
    7:53  warning  'sigma_sq_a3' is not defined                 no-undef
    8:5   warning  'z_0_a3' is not defined                      no-undef
    8:40  warning  'chi_sq_a3' is not defined                   no-undef
    8:67  warning  'N_a3' is not defined                        no-undef
    9:5   warning  'maindiv' is not defined                     no-undef
   17:40  warning  'sigma_sq_a3' is not defined                 no-undef
   20:34  warning  'S_2_a3' is not defined                      no-undef
   42:22  warning  'MathJax' is not defined                     no-undef
   43:5   warning  'hide_all_steps' is not defined              no-undef
   45:9   warning  'show_step' is not defined                   no-undef
   48:10  warning  'a3_verify_chi_2' is defined but never used  no-unused-vars
   50:17  warning  'chi_sq_a3' is not defined                   no-undef
   51:10  warning  'verify_values' is not defined               no-undef
   51:51  warning  'chi_sq_a3' is not defined                   no-undef
   65:72  warning  'chi_sq_a3' is not defined                   no-undef
   70:22  warning  'MathJax' is not defined                     no-undef
   72:10  warning  'a3_load_z_0' is defined but never used      no-unused-vars
   95:22  warning  'MathJax' is not defined                     no-undef
   97:10  warning  'a3_verify_z' is defined but never used      no-unused-vars
   99:17  warning  'z_0_a3' is not defined                      no-undef
  100:10  warning  'verify_values' is not defined               no-undef
  100:49  warning  'z_0_a3' is not defined                      no-undef
  114:57  warning  'z_0_a3' is not defined                      no-undef
  119:22  warning  'MathJax' is not defined                     no-undef

/home/runner/work/exp-chi-square-test-iitb/exp-chi-square-test-iitb/experiment/simulation/js/activity3_p2.js
   1:10  warning  'activity3_p2' is defined but never used  no-unused-vars
   4:19  warning  'get_collapse_btn_text' is not defined    no-undef
   5:5   warning  'maindiv' is not defined                  no-undef
  54:32  warning  'alpha' is not defined                    no-undef
  63:9   warning  'MathJax' is not defined                  no-undef
  65:5   warning  'hide_all_steps' is not defined           no-undef
  67:9   warning  'show_step' is not defined                no-undef

/home/runner/work/exp-chi-square-test-iitb/exp-chi-square-test-iitb/experiment/simulation/js/activity3_p3.js
   1:10  warning  'activity3_p3' is defined but never used     no-unused-vars
   4:19  warning  'get_collapse_btn_text' is not defined       no-undef
   5:5   warning  'maindiv' is not defined                     no-undef
  16:60  warning  'z_0_a3' is not defined                      no-undef
  44:22  warning  'MathJax' is not defined                     no-undef
  45:5   warning  'hide_all_steps' is not defined              no-undef
  47:9   warning  'show_step' is not defined                   no-undef
  52:18  warning  'z_0_a3' is not defined                      no-undef
  52:47  warning  'z_0_a3' is not defined                      no-undef
  53:9   warning  'hypo_test_reject_op_a3' is not defined      no-undef
  56:9   warning  'hypo_test_reject_op_a3' is not defined      no-undef
  59:10  warning  'a3_vf_null_hypo' is defined but never used  no-unused-vars
  63:9   warning  'hypo_test_reject_op_a3' is not defined      no-undef
  66:14  warning  'hypo_test_reject_op_a3' is not defined      no-undef
  69:25  warning  'hypo_test_reject_op_a3' is not defined      no-undef

/home/runner/work/exp-chi-square-test-iitb/exp-chi-square-test-iitb/experiment/simulation/js/activity4.js
  1:10  warning  'activity4' is defined but never used  no-unused-vars

/home/runner/work/exp-chi-square-test-iitb/exp-chi-square-test-iitb/experiment/simulation/js/chi_sq_dist_table.js
  1:5  warning  'chi_sq_dist_table' is assigned a value but never used  no-unused-vars

/home/runner/work/exp-chi-square-test-iitb/exp-chi-square-test-iitb/experiment/simulation/js/data.js
    2:5   warning  'alpha' is assigned a value but never used                   no-unused-vars
    3:5   warning  'z_table_data' is assigned a value but never used            no-unused-vars
    3:20  warning  'z_table' is not defined                                     no-undef
   13:14  warning  'chi_sq_dist_table' is not defined                           no-undef
   14:14  warning  'chi_sq_dist_table' is not defined                           no-undef
   15:14  warning  'chi_sq_dist_table' is not defined                           no-undef
   19:5   warning  'N' is assigned a value but never used                       no-unused-vars
   20:5   warning  'k' is assigned a value but never used                       no-unused-vars
   21:5   warning  'epsilon' is assigned a value but never used                 no-unused-vars
   26:5   warning  'x0' is assigned a value but never used                      no-unused-vars
   32:5   warning  'X' is assigned a value but never used                       no-unused-vars
   38:5   warning  'sum_x' is assigned a value but never used                   no-unused-vars
   39:5   warning  'X_bar' is assigned a value but never used                   no-unused-vars
   40:5   warning  'mu_0' is assigned a value but never used                    no-unused-vars
   41:5   warning  'sigma' is assigned a value but never used                   no-unused-vars
   42:5   warning  'sigma_sq' is assigned a value but never used                no-unused-vars
   43:5   warning  'sum_x_x_bar_2' is assigned a value but never used           no-unused-vars
   45:5   warning  'S_2' is assigned a value but never used                     no-unused-vars
   46:5   warning  'act1_table_data_1' is assigned a value but never used       no-unused-vars
   81:5   warning  'chi_sq' is assigned a value but never used                  no-unused-vars
   82:5   warning  'chi_sq_alpha' is assigned a value but never used            no-unused-vars
   83:5   warning  'alpha_dd_options' is assigned a value but never used        no-unused-vars
   85:5   warning  'hypothesis_table' is assigned a value but never used        no-unused-vars
  103:5   warning  'hypo_test_reject_op_a1' is assigned a value but never used  no-unused-vars
  105:5   warning  'X_dash' is assigned a value but never used                  no-unused-vars
  110:5   warning  'X_dash_bar' is assigned a value but never used              no-unused-vars
  111:5   warning  'sum_x_x_bar_2_a2' is assigned a value but never used        no-unused-vars
  112:5   warning  'S_2_a2' is assigned a value but never used                  no-unused-vars
  113:5   warning  'chi_sq_a2' is assigned a value but never used               no-unused-vars
  114:5   warning  'chi_sq_alpha_a2' is assigned a value but never used         no-unused-vars
  115:5   warning  'act2_table_data_1' is assigned a value but never used       no-unused-vars
  147:5   warning  'hypo_test_reject_op_a2' is assigned a value but never used  no-unused-vars
  149:5   warning  'N_a3' is assigned a value but never used                    no-unused-vars
  150:5   warning  'k_a3' is assigned a value but never used                    no-unused-vars
  151:5   warning  'epsilon_a3' is assigned a value but never used              no-unused-vars
  155:5   warning  'x0_a3' is assigned a value but never used                   no-unused-vars
  160:5   warning  'X_a3' is assigned a value but never used                    no-unused-vars
  165:5   warning  'sum_x_a3' is assigned a value but never used                no-unused-vars
  166:5   warning  'X_bar_a3' is assigned a value but never used                no-unused-vars
  167:5   warning  'mu_0_a3' is assigned a value but never used                 no-unused-vars
  168:5   warning  'sigma_a3' is assigned a value but never used                no-unused-vars
  169:5   warning  'sigma_sq_a3' is assigned a value but never used             no-unused-vars
  170:5   warning  'sum_x_x_bar_2_a3' is assigned a value but never used        no-unused-vars
  172:5   warning  'S_2_a3' is assigned a value but never used                  no-unused-vars
  173:5   warning  'act3_table_data_1' is assigned a value but never used       no-unused-vars
  195:5   warning  'hypo_test_reject_op_a3' is assigned a value but never used  no-unused-vars
  196:5   warning  'chi_sq_a3' is assigned a value but never used               no-unused-vars
  197:5   warning  'z_0_a3' is assigned a value but never used                  no-unused-vars
  198:5   warning  'z_alpha_a3' is defined but never used                       no-unused-vars
  200:5   warning  'x_bar_a4' is defined but never used                         no-unused-vars
  201:5   warning  'mu_0_a4' is defined but never used                          no-unused-vars
  202:5   warning  'k_a4' is defined but never used                             no-unused-vars
  203:5   warning  'sigma_a4' is defined but never used                         no-unused-vars

/home/runner/work/exp-chi-square-test-iitb/exp-chi-square-test-iitb/experiment/simulation/js/z-table.js
  1:5  warning  'z_table' is assigned a value but never used  no-unused-vars

✖ 497 problems (0 errors, 497 warnings)

